[0522/123521.924:ERROR:process_memory_win.cc(73)] ReadMemory at 0x7ffe1dd08380 of 36 bytes failed: Only part of a ReadProcessMemory or WriteProcessMemory request was completed. (0x12B)
[0522/123521.925:WARNING:pe_image_reader.cc(191)] could not read debug directory from C:\WINDOWS\SYSTEM32\WINHTTP.dll
[0522/123521.926:ERROR:process_memory_win.cc(73)] ReadMemory at 0x7ffe1dc40000 of 64 bytes failed: Only part of a ReadProcessMemory or WriteProcessMemory request was completed. (0x12B)
[0522/123521.926:WARNING:pe_image_reader.cc(340)] could not read dos header from C:\WINDOWS\SYSTEM32\WINHTTP.dll
[0522/123521.931:ERROR:process_memory_win.cc(73)] ReadMemory at 0x15c4eeb1b10 of 6656 bytes failed: Only part of a ReadProcessMemory or WriteProcessMemory request was completed. (0x12B)
[0522/123521.931:ERROR:process_snapshot_win.cc(322)] failed to read unloaded module data
[0522/123521.934:ERROR:process_memory_win.cc(73)] ReadMemory at 0x7ff6fb4b0000 of 64 bytes failed: Only part of a ReadProcessMemory or WriteProcessMemory request was completed. (0x12B)
[0522/123521.934:WARNING:pe_image_reader.cc(340)] could not read dos header from C:\Program Files (x86)\Google\Chrome\Application\chrome.exe
[0522/123521.954:ERROR:process_memory_win.cc(73)] ReadMemory at 0x7ffdfbad0000 of 64 bytes failed: Only part of a ReadProcessMemory or WriteProcessMemory request was completed. (0x12B)
[0522/123521.954:WARNING:pe_image_reader.cc(340)] could not read dos header from C:\Program Files (x86)\Google\Chrome\Application\81.0.4044.138\chrome_elf.dll
[0522/123521.954:ERROR:process_memory_win.cc(73)] ReadMemory at 0x7ffdd4740000 of 64 bytes failed: Only part of a ReadProcessMemory or WriteProcessMemory request was completed. (0x12B)
[0522/123521.954:WARNING:pe_image_reader.cc(340)] could not read dos header from C:\Program Files (x86)\Google\Chrome\Application\81.0.4044.138\chrome.dll
[0522/123521.955:ERROR:process_memory_win.cc(73)] ReadMemory at 0x7ffe10d90000 of 64 bytes failed: Only part of a ReadProcessMemory or WriteProcessMemory request was completed. (0x12B)
[0522/123521.955:WARNING:pe_image_reader.cc(340)] could not read dos header from C:\WINDOWS\SYSTEM32\Secur32.dll
[0522/123521.955:ERROR:process_memory_win.cc(73)] ReadMemory at 0x7ffe01e00000 of 64 bytes failed: Only part of a ReadProcessMemory or WriteProcessMemory request was completed. (0x12B)
[0522/123521.955:WARNING:pe_image_reader.cc(340)] could not read dos header from C:\WINDOWS\SYSTEM32\UIAutomationCore.DLL
[0522/123521.955:ERROR:process_memory_win.cc(73)] ReadMemory at 0x7ffe15430000 of 64 bytes failed: Only part of a ReadProcessMemory or WriteProcessMemory request was completed. (0x12B)
[0522/123521.955:WARNING:pe_image_reader.cc(340)] could not read dos header from C:\WINDOWS\SYSTEM32\DWrite.dll
[0522/123521.955:ERROR:process_memory_win.cc(73)] ReadMemory at 0x7ffe11ea0000 of 64 bytes failed: Only part of a ReadProcessMemory or WriteProcessMemory request was completed. (0x12B)
[0522/123521.955:WARNING:pe_image_reader.cc(340)] could not read dos header from C:\WINDOWS\SYSTEM32\dbghelp.dll
[0522/123521.955:ERROR:process_memory_win.cc(73)] ReadMemory at 0x7ffe1dc40000 of 64 bytes failed: Only part of a ReadProcessMemory or WriteProcessMemory request was completed. (0x12B)
[0522/123521.955:WARNING:pe_image_reader.cc(340)] could not read dos header from C:\WINDOWS\SYSTEM32\WINHTTP.dll
[0522/123521.955:ERROR:process_memory_win.cc(73)] ReadMemory at 0x7ff6fb4b0000 of 64 bytes failed: Only part of a ReadProcessMemory or WriteProcessMemory request was completed. (0x12B)
[0522/123521.955:WARNING:pe_image_reader.cc(340)] could not read dos header from C:\Program Files (x86)\Google\Chrome\Application\chrome.exe
[0522/123521.955:ERROR:process_memory_win.cc(73)] ReadMemory at 0x7ff6fb4b0000 of 64 bytes failed: Only part of a ReadProcessMemory or WriteProcessMemory request was completed. (0x12B)
[0522/123521.955:WARNING:pe_image_reader.cc(340)] could not read dos header from C:\Program Files (x86)\Google\Chrome\Application\chrome.exe
[0522/123521.955:ERROR:process_memory_win.cc(73)] ReadMemory at 0x7ffdfbad0000 of 64 bytes failed: Only part of a ReadProcessMemory or WriteProcessMemory request was completed. (0x12B)
[0522/123521.956:WARNING:pe_image_reader.cc(340)] could not read dos header from C:\Program Files (x86)\Google\Chrome\Application\81.0.4044.138\chrome_elf.dll
[0522/123521.956:ERROR:process_memory_win.cc(73)] ReadMemory at 0x7ffdfbad0000 of 64 bytes failed: Only part of a ReadProcessMemory or WriteProcessMemory request was completed. (0x12B)
[0522/123521.956:WARNING:pe_image_reader.cc(340)] could not read dos header from C:\Program Files (x86)\Google\Chrome\Application\81.0.4044.138\chrome_elf.dll
[0522/123521.956:ERROR:process_memory_win.cc(73)] ReadMemory at 0x7ffdd4740000 of 64 bytes failed: Only part of a ReadProcessMemory or WriteProcessMemory request was completed. (0x12B)
[0522/123521.956:WARNING:pe_image_reader.cc(340)] could not read dos header from C:\Program Files (x86)\Google\Chrome\Application\81.0.4044.138\chrome.dll
[0522/123521.956:ERROR:process_memory_win.cc(73)] ReadMemory at 0x7ffdd4740000 of 64 bytes failed: Only part of a ReadProcessMemory or WriteProcessMemory request was completed. (0x12B)
[0522/123521.956:WARNING:pe_image_reader.cc(340)] could not read dos header from C:\Program Files (x86)\Google\Chrome\Application\81.0.4044.138\chrome.dll
[0522/123521.957:ERROR:process_memory_win.cc(73)] ReadMemory at 0x7ffe10d90000 of 64 bytes failed: Only part of a ReadProcessMemory or WriteProcessMemory request was completed. (0x12B)
[0522/123521.957:WARNING:pe_image_reader.cc(340)] could not read dos header from C:\WINDOWS\SYSTEM32\Secur32.dll
[0522/123521.957:ERROR:process_memory_win.cc(73)] ReadMemory at 0x7ffe10d90000 of 64 bytes failed: Only part of a ReadProcessMemory or WriteProcessMemory request was completed. (0x12B)
[0522/123521.957:WARNING:pe_image_reader.cc(340)] could not read dos header from C:\WINDOWS\SYSTEM32\Secur32.dll
[0522/123521.957:ERROR:process_memory_win.cc(73)] ReadMemory at 0x7ffe01e00000 of 64 bytes failed: Only part of a ReadProcessMemory or WriteProcessMemory request was completed. (0x12B)
[0522/123521.957:WARNING:pe_image_reader.cc(340)] could not read dos header from C:\WINDOWS\SYSTEM32\UIAutomationCore.DLL
[0522/123521.957:ERROR:process_memory_win.cc(73)] ReadMemory at 0x7ffe01e00000 of 64 bytes failed: Only part of a ReadProcessMemory or WriteProcessMemory request was completed. (0x12B)
[0522/123521.957:WARNING:pe_image_reader.cc(340)] could not read dos header from C:\WINDOWS\SYSTEM32\UIAutomationCore.DLL
[0522/123521.957:ERROR:process_memory_win.cc(73)] ReadMemory at 0x7ffe15430000 of 64 bytes failed: Only part of a ReadProcessMemory or WriteProcessMemory request was completed. (0x12B)
[0522/123521.957:WARNING:pe_image_reader.cc(340)] could not read dos header from C:\WINDOWS\SYSTEM32\DWrite.dll
[0522/123521.957:ERROR:process_memory_win.cc(73)] ReadMemory at 0x7ffe15430000 of 64 bytes failed: Only part of a ReadProcessMemory or WriteProcessMemory request was completed. (0x12B)
[0522/123521.957:WARNING:pe_image_reader.cc(340)] could not read dos header from C:\WINDOWS\SYSTEM32\DWrite.dll
[0522/123521.957:ERROR:process_memory_win.cc(73)] ReadMemory at 0x7ffe11ea0000 of 64 bytes failed: Only part of a ReadProcessMemory or WriteProcessMemory request was completed. (0x12B)
[0522/123521.957:WARNING:pe_image_reader.cc(340)] could not read dos header from C:\WINDOWS\SYSTEM32\dbghelp.dll
[0522/123521.957:ERROR:process_memory_win.cc(73)] ReadMemory at 0x7ffe11ea0000 of 64 bytes failed: Only part of a ReadProcessMemory or WriteProcessMemory request was completed. (0x12B)
[0522/123521.957:WARNING:pe_image_reader.cc(340)] could not read dos header from C:\WINDOWS\SYSTEM32\dbghelp.dll
[0522/123521.957:ERROR:process_memory_win.cc(73)] ReadMemory at 0x7ffe1dc40000 of 64 bytes failed: Only part of a ReadProcessMemory or WriteProcessMemory request was completed. (0x12B)
[0522/123521.957:WARNING:pe_image_reader.cc(340)] could not read dos header from C:\WINDOWS\SYSTEM32\WINHTTP.dll
[0522/123521.957:ERROR:process_memory_win.cc(73)] ReadMemory at 0x7ffe1dc40000 of 64 bytes failed: Only part of a ReadProcessMemory or WriteProcessMemory request was completed. (0x12B)
[0522/123521.957:WARNING:pe_image_reader.cc(340)] could not read dos header from C:\WINDOWS\SYSTEM32\WINHTTP.dll
[0522/123521.992:ERROR:process_memory_win.cc(73)] ReadMemory at 0x7ff6fb4b0000 of 64 bytes failed: Only part of a ReadProcessMemory or WriteProcessMemory request was completed. (0x12B)
[0522/123521.992:WARNING:pe_image_reader.cc(340)] could not read dos header from C:\Program Files (x86)\Google\Chrome\Application\chrome.exe
[0522/123521.993:ERROR:process_memory_win.cc(73)] ReadMemory at 0x7ffdfbad0000 of 64 bytes failed: Only part of a ReadProcessMemory or WriteProcessMemory request was completed. (0x12B)
[0522/123521.993:WARNING:pe_image_reader.cc(340)] could not read dos header from C:\Program Files (x86)\Google\Chrome\Application\81.0.4044.138\chrome_elf.dll
[0522/123521.993:ERROR:process_memory_win.cc(73)] ReadMemory at 0x7ffdd4740000 of 64 bytes failed: Only part of a ReadProcessMemory or WriteProcessMemory request was completed. (0x12B)
[0522/123521.993:WARNING:pe_image_reader.cc(340)] could not read dos header from C:\Program Files (x86)\Google\Chrome\Application\81.0.4044.138\chrome.dll
[0522/123521.994:ERROR:process_memory_win.cc(73)] ReadMemory at 0x7ffe10d90000 of 64 bytes failed: Only part of a ReadProcessMemory or WriteProcessMemory request was completed. (0x12B)
[0522/123521.994:WARNING:pe_image_reader.cc(340)] could not read dos header from C:\WINDOWS\SYSTEM32\Secur32.dll
[0522/123521.994:ERROR:process_memory_win.cc(73)] ReadMemory at 0x7ffe01e00000 of 64 bytes failed: Only part of a ReadProcessMemory or WriteProcessMemory request was completed. (0x12B)
[0522/123521.994:WARNING:pe_image_reader.cc(340)] could not read dos header from C:\WINDOWS\SYSTEM32\UIAutomationCore.DLL
[0522/123521.994:ERROR:process_memory_win.cc(73)] ReadMemory at 0x7ffe15430000 of 64 bytes failed: Only part of a ReadProcessMemory or WriteProcessMemory request was completed. (0x12B)
[0522/123521.994:WARNING:pe_image_reader.cc(340)] could not read dos header from C:\WINDOWS\SYSTEM32\DWrite.dll
[0522/123521.994:ERROR:process_memory_win.cc(73)] ReadMemory at 0x7ffe11ea0000 of 64 bytes failed: Only part of a ReadProcessMemory or WriteProcessMemory request was completed. (0x12B)
[0522/123521.994:WARNING:pe_image_reader.cc(340)] could not read dos header from C:\WINDOWS\SYSTEM32\dbghelp.dll
[0522/123521.994:ERROR:process_memory_win.cc(73)] ReadMemory at 0x7ffe1dc40000 of 64 bytes failed: Only part of a ReadProcessMemory or WriteProcessMemory request was completed. (0x12B)
[0522/123521.994:WARNING:pe_image_reader.cc(340)] could not read dos header from C:\WINDOWS\SYSTEM32\WINHTTP.dll
[0522/123522.016:ERROR:process_memory_win.cc(73)] ReadMemory at 0x7ff6fb4b0000 of 64 bytes failed: Only part of a ReadProcessMemory or WriteProcessMemory request was completed. (0x12B)
[0522/123522.017:WARNING:pe_image_reader.cc(340)] could not read dos header from C:\Program Files (x86)\Google\Chrome\Application\chrome.exe
[0522/123522.018:ERROR:process_memory_win.cc(73)] ReadMemory at 0x7ffdfbad0000 of 64 bytes failed: Only part of a ReadProcessMemory or WriteProcessMemory request was completed. (0x12B)
[0522/123522.018:WARNING:pe_image_reader.cc(340)] could not read dos header from C:\Program Files (x86)\Google\Chrome\Application\81.0.4044.138\chrome_elf.dll
[0522/123522.018:ERROR:process_memory_win.cc(73)] ReadMemory at 0x7ffdd4740000 of 64 bytes failed: Only part of a ReadProcessMemory or WriteProcessMemory request was completed. (0x12B)
[0522/123522.018:WARNING:pe_image_reader.cc(340)] could not read dos header from C:\Program Files (x86)\Google\Chrome\Application\81.0.4044.138\chrome.dll
[0522/123522.018:ERROR:process_memory_win.cc(73)] ReadMemory at 0x7ffe10d90000 of 64 bytes failed: Only part of a ReadProcessMemory or WriteProcessMemory request was completed. (0x12B)
[0522/123522.018:WARNING:pe_image_reader.cc(340)] could not read dos header from C:\WINDOWS\SYSTEM32\Secur32.dll
[0522/123522.021:ERROR:process_memory_win.cc(73)] ReadMemory at 0x7ffe01e00000 of 64 bytes failed: Only part of a ReadProcessMemory or WriteProcessMemory request was completed. (0x12B)
[0522/123522.021:WARNING:pe_image_reader.cc(340)] could not read dos header from C:\WINDOWS\SYSTEM32\UIAutomationCore.DLL
[0522/123522.021:ERROR:process_memory_win.cc(73)] ReadMemory at 0x7ffe15430000 of 64 bytes failed: Only part of a ReadProcessMemory or WriteProcessMemory request was completed. (0x12B)
[0522/123522.021:WARNING:pe_image_reader.cc(340)] could not read dos header from C:\WINDOWS\SYSTEM32\DWrite.dll
[0522/123522.021:ERROR:process_memory_win.cc(73)] ReadMemory at 0x7ffe11ea0000 of 64 bytes failed: Only part of a ReadProcessMemory or WriteProcessMemory request was completed. (0x12B)
[0522/123522.021:WARNING:pe_image_reader.cc(340)] could not read dos header from C:\WINDOWS\SYSTEM32\dbghelp.dll
[0522/123522.021:ERROR:process_memory_win.cc(73)] ReadMemory at 0x7ffe1dc40000 of 64 bytes failed: Only part of a ReadProcessMemory or WriteProcessMemory request was completed. (0x12B)
[0522/123522.021:WARNING:pe_image_reader.cc(340)] could not read dos header from C:\WINDOWS\SYSTEM32\WINHTTP.dll
[0522/123522.022:ERROR:process_memory_win.cc(73)] ReadMemory at 0x7ff6fb4b0000 of 64 bytes failed: Only part of a ReadProcessMemory or WriteProcessMemory request was completed. (0x12B)
[0522/123522.022:WARNING:pe_image_reader.cc(340)] could not read dos header from C:\Program Files (x86)\Google\Chrome\Application\chrome.exe
[0522/123522.022:ERROR:process_memory_win.cc(73)] ReadMemory at 0x7ffdfbad0000 of 64 bytes failed: Only part of a ReadProcessMemory or WriteProcessMemory request was completed. (0x12B)
[0522/123522.022:WARNING:pe_image_reader.cc(340)] could not read dos header from C:\Program Files (x86)\Google\Chrome\Application\81.0.4044.138\chrome_elf.dll
[0522/123522.022:ERROR:process_memory_win.cc(73)] ReadMemory at 0x7ffdd4740000 of 64 bytes failed: Only part of a ReadProcessMemory or WriteProcessMemory request was completed. (0x12B)
[0522/123522.022:WARNING:pe_image_reader.cc(340)] could not read dos header from C:\Program Files (x86)\Google\Chrome\Application\81.0.4044.138\chrome.dll
[0522/123522.022:ERROR:process_memory_win.cc(73)] ReadMemory at 0x7ffe10d90000 of 64 bytes failed: Only part of a ReadProcessMemory or WriteProcessMemory request was completed. (0x12B)
[0522/123522.022:WARNING:pe_image_reader.cc(340)] could not read dos header from C:\WINDOWS\SYSTEM32\Secur32.dll
[0522/123522.022:ERROR:process_memory_win.cc(73)] ReadMemory at 0x7ffe01e00000 of 64 bytes failed: Only part of a ReadProcessMemory or WriteProcessMemory request was completed. (0x12B)
[0522/123522.022:WARNING:pe_image_reader.cc(340)] could not read dos header from C:\WINDOWS\SYSTEM32\UIAutomationCore.DLL
[0522/123522.022:ERROR:process_memory_win.cc(73)] ReadMemory at 0x7ffe15430000 of 64 bytes failed: Only part of a ReadProcessMemory or WriteProcessMemory request was completed. (0x12B)
[0522/123522.022:WARNING:pe_image_reader.cc(340)] could not read dos header from C:\WINDOWS\SYSTEM32\DWrite.dll
[0522/123522.022:ERROR:process_memory_win.cc(73)] ReadMemory at 0x7ffe11ea0000 of 64 bytes failed: Only part of a ReadProcessMemory or WriteProcessMemory request was completed. (0x12B)
[0522/123522.022:WARNING:pe_image_reader.cc(340)] could not read dos header from C:\WINDOWS\SYSTEM32\dbghelp.dll
[0522/123522.022:ERROR:process_memory_win.cc(73)] ReadMemory at 0x7ffe1dc40000 of 64 bytes failed: Only part of a ReadProcessMemory or WriteProcessMemory request was completed. (0x12B)
[0522/123522.022:WARNING:pe_image_reader.cc(340)] could not read dos header from C:\WINDOWS\SYSTEM32\WINHTTP.dll
[0522/123522.029:ERROR:process_memory_win.cc(73)] ReadMemory at 0x596d3f9000 of 28672 bytes failed: Only part of a ReadProcessMemory or WriteProcessMemory request was completed. (0x12B)
[0522/123522.029:ERROR:process_memory_win.cc(73)] ReadMemory at 0x596dbfd000 of 12288 bytes failed: Only part of a ReadProcessMemory or WriteProcessMemory request was completed. (0x12B)
[0522/123522.029:ERROR:process_memory_win.cc(73)] ReadMemory at 0x596e3fd000 of 12288 bytes failed: Only part of a ReadProcessMemory or WriteProcessMemory request was completed. (0x12B)
[0522/123522.029:ERROR:process_memory_win.cc(73)] ReadMemory at 0x596ebfc000 of 16384 bytes failed: Only part of a ReadProcessMemory or WriteProcessMemory request was completed. (0x12B)
[0522/123522.029:ERROR:process_memory_win.cc(73)] ReadMemory at 0x596f3fb000 of 20480 bytes failed: Only part of a ReadProcessMemory or WriteProcessMemory request was completed. (0x12B)
[0522/123522.029:ERROR:process_memory_win.cc(73)] ReadMemory at 0x596fbfe000 of 8192 bytes failed: Only part of a ReadProcessMemory or WriteProcessMemory request was completed. (0x12B)
[0522/123522.030:ERROR:process_memory_win.cc(73)] ReadMemory at 0x59703fd000 of 12288 bytes failed: Only part of a ReadProcessMemory or WriteProcessMemory request was completed. (0x12B)
[0522/123522.030:ERROR:process_memory_win.cc(73)] ReadMemory at 0x5970bfc000 of 16384 bytes failed: Only part of a ReadProcessMemory or WriteProcessMemory request was completed. (0x12B)
[0522/123522.030:ERROR:process_memory_win.cc(73)] ReadMemory at 0x59713fd000 of 12288 bytes failed: Only part of a ReadProcessMemory or WriteProcessMemory request was completed. (0x12B)
[0522/123522.030:ERROR:process_memory_win.cc(73)] ReadMemory at 0x5971bfd000 of 12288 bytes failed: Only part of a ReadProcessMemory or WriteProcessMemory request was completed. (0x12B)
[0522/123522.030:ERROR:process_memory_win.cc(73)] ReadMemory at 0x59723fd000 of 12288 bytes failed: Only part of a ReadProcessMemory or WriteProcessMemory request was completed. (0x12B)
[0522/123522.030:ERROR:process_memory_win.cc(73)] ReadMemory at 0x5972bfd000 of 12288 bytes failed: Only part of a ReadProcessMemory or WriteProcessMemory request was completed. (0x12B)
[0522/123522.030:ERROR:process_memory_win.cc(73)] ReadMemory at 0x59733fd000 of 12288 bytes failed: Only part of a ReadProcessMemory or WriteProcessMemory request was completed. (0x12B)
[0522/123522.030:ERROR:process_memory_win.cc(73)] ReadMemory at 0x5973bfd000 of 12288 bytes failed: Only part of a ReadProcessMemory or WriteProcessMemory request was completed. (0x12B)
[0522/123522.030:ERROR:process_memory_win.cc(73)] ReadMemory at 0x596ca72000 of 852 bytes failed: Only part of a ReadProcessMemory or WriteProcessMemory request was completed. (0x12B)
[0522/123522.030:ERROR:process_memory_win.cc(73)] ReadMemory at 0x596ca73000 of 6024 bytes failed: Only part of a ReadProcessMemory or WriteProcessMemory request was completed. (0x12B)
[0522/123522.030:ERROR:process_memory_win.cc(73)] ReadMemory at 0x596ca75000 of 6024 bytes failed: Only part of a ReadProcessMemory or WriteProcessMemory request was completed. (0x12B)
[0522/123522.030:ERROR:process_memory_win.cc(73)] ReadMemory at 0x596ca77000 of 6024 bytes failed: Only part of a ReadProcessMemory or WriteProcessMemory request was completed. (0x12B)
[0522/123522.030:ERROR:process_memory_win.cc(73)] ReadMemory at 0x596ca79000 of 6024 bytes failed: Only part of a ReadProcessMemory or WriteProcessMemory request was completed. (0x12B)
[0522/123522.030:ERROR:process_memory_win.cc(73)] ReadMemory at 0x596ca7b000 of 6024 bytes failed: Only part of a ReadProcessMemory or WriteProcessMemory request was completed. (0x12B)
[0522/123522.030:ERROR:process_memory_win.cc(73)] ReadMemory at 0x596ca7d000 of 6024 bytes failed: Only part of a ReadProcessMemory or WriteProcessMemory request was completed. (0x12B)
[0522/123522.030:ERROR:process_memory_win.cc(73)] ReadMemory at 0x596ca7f000 of 6024 bytes failed: Only part of a ReadProcessMemory or WriteProcessMemory request was completed. (0x12B)
[0522/123522.030:ERROR:process_memory_win.cc(73)] ReadMemory at 0x596ca81000 of 6024 bytes failed: Only part of a ReadProcessMemory or WriteProcessMemory request was completed. (0x12B)
[0522/123522.030:ERROR:process_memory_win.cc(73)] ReadMemory at 0x596ca83000 of 6024 bytes failed: Only part of a ReadProcessMemory or WriteProcessMemory request was completed. (0x12B)
[0522/123522.030:ERROR:process_memory_win.cc(73)] ReadMemory at 0x596ca85000 of 6024 bytes failed: Only part of a ReadProcessMemory or WriteProcessMemory request was completed. (0x12B)
[0522/123522.031:ERROR:process_memory_win.cc(73)] ReadMemory at 0x596ca87000 of 6024 bytes failed: Only part of a ReadProcessMemory or WriteProcessMemory request was completed. (0x12B)
[0522/123522.031:ERROR:process_memory_win.cc(73)] ReadMemory at 0x596ca89000 of 6024 bytes failed: Only part of a ReadProcessMemory or WriteProcessMemory request was completed. (0x12B)
[0522/123522.031:ERROR:process_memory_win.cc(73)] ReadMemory at 0x596ca8b000 of 6024 bytes failed: Only part of a ReadProcessMemory or WriteProcessMemory request was completed. (0x12B)
[0522/123522.031:ERROR:process_memory_win.cc(73)] ReadMemory at 0x596ca8d000 of 6024 bytes failed: Only part of a ReadProcessMemory or WriteProcessMemory request was completed. (0x12B)
[0522/123522.031:ERROR:process_memory_win.cc(73)] ReadMemory at 0x15c4ee21000 of 512 bytes failed: Only part of a ReadProcessMemory or WriteProcessMemory request was completed. (0x12B)
[0522/123522.031:ERROR:process_memory_win.cc(73)] ReadMemory at 0x15c4eea0fe0 of 4602 bytes failed: Only part of a ReadProcessMemory or WriteProcessMemory request was completed. (0x12B)
[0522/123522.031:ERROR:process_memory_win.cc(73)] ReadMemory at 0x15c4eea21f0 of 1012 bytes failed: Only part of a ReadProcessMemory or WriteProcessMemory request was completed. (0x12B)
[0522/123522.031:ERROR:process_memory_win.cc(73)] ReadMemory at 0x15c4eea2838 of 118 bytes failed: Only part of a ReadProcessMemory or WriteProcessMemory request was completed. (0x12B)
[0522/123522.031:ERROR:process_memory_win.cc(73)] ReadMemory at 0x15c4eea28b0 of 744 bytes failed: Only part of a ReadProcessMemory or WriteProcessMemory request was completed. (0x12B)
[0522/123522.031:ERROR:process_memory_win.cc(73)] ReadMemory at 0x15c4eea2b9a of 118 bytes failed: Only part of a ReadProcessMemory or WriteProcessMemory request was completed. (0x12B)
[0522/123522.031:ERROR:process_memory_win.cc(73)] ReadMemory at 0x15c4eea2c12 of 100 bytes failed: Only part of a ReadProcessMemory or WriteProcessMemory request was completed. (0x12B)
[0522/123522.031:ERROR:process_memory_win.cc(73)] ReadMemory at 0x15c4eea2c90 of 58 bytes failed: Only part of a ReadProcessMemory or WriteProcessMemory request was completed. (0x12B)
[0522/123522.031:ERROR:process_memory_win.cc(73)] ReadMemory at 0x15c4eea2d90 of 132 bytes failed: Only part of a ReadProcessMemory or WriteProcessMemory request was completed. (0x12B)
[0522/123522.031:ERROR:process_memory_win.cc(73)] ReadMemory at 0x15c4eea2f20 of 132 bytes failed: Only part of a ReadProcessMemory or WriteProcessMemory request was completed. (0x12B)
[0522/123522.031:ERROR:process_memory_win.cc(73)] ReadMemory at 0x15c4eea30e0 of 126 bytes failed: Only part of a ReadProcessMemory or WriteProcessMemory request was completed. (0x12B)
[0522/123522.031:ERROR:process_memory_win.cc(73)] ReadMemory at 0x15c4eea34c0 of 132 bytes failed: Only part of a ReadProcessMemory or WriteProcessMemory request was completed. (0x12B)
[0522/123522.031:ERROR:process_memory_win.cc(73)] ReadMemory at 0x15c4eea3650 of 64 bytes failed: Only part of a ReadProcessMemory or WriteProcessMemory request was completed. (0x12B)
[0522/123522.032:ERROR:process_memory_win.cc(73)] ReadMemory at 0x15c4eea36a0 of 132 bytes failed: Only part of a ReadProcessMemory or WriteProcessMemory request was completed. (0x12B)
[0522/123522.032:ERROR:process_memory_win.cc(73)] ReadMemory at 0x15c4eea3810 of 132 bytes failed: Only part of a ReadProcessMemory or WriteProcessMemory request was completed. (0x12B)
[0522/123522.032:ERROR:process_memory_win.cc(73)] ReadMemory at 0x15c4eea3ab0 of 132 bytes failed: Only part of a ReadProcessMemory or WriteProcessMemory request was completed. (0x12B)
[0522/123522.032:ERROR:process_memory_win.cc(73)] ReadMemory at 0x15c4eea3c40 of 68 bytes failed: Only part of a ReadProcessMemory or WriteProcessMemory request was completed. (0x12B)
[0522/123522.032:ERROR:process_memory_win.cc(73)] ReadMemory at 0x15c4eea4d00 of 132 bytes failed: Only part of a ReadProcessMemory or WriteProcessMemory request was completed. (0x12B)
[0522/123522.032:ERROR:process_memory_win.cc(73)] ReadMemory at 0x15c4eea4e90 of 154 bytes failed: Only part of a ReadProcessMemory or WriteProcessMemory request was completed. (0x12B)
[0522/123522.032:ERROR:process_memory_win.cc(73)] ReadMemory at 0x15c4eea5d10 of 62 bytes failed: Only part of a ReadProcessMemory or WriteProcessMemory request was completed. (0x12B)
[0522/123522.032:ERROR:process_memory_win.cc(73)] ReadMemory at 0x15c4eea5f00 of 132 bytes failed: Only part of a ReadProcessMemory or WriteProcessMemory request was completed. (0x12B)
[0522/123522.032:ERROR:process_memory_win.cc(73)] ReadMemory at 0x15c4eea6030 of 60 bytes failed: Only part of a ReadProcessMemory or WriteProcessMemory request was completed. (0x12B)
[0522/123522.032:ERROR:process_memory_win.cc(73)] ReadMemory at 0x15c4eea682c of 512 bytes failed: Only part of a ReadProcessMemory or WriteProcessMemory request was completed. (0x12B)
[0522/123522.032:ERROR:process_memory_win.cc(73)] ReadMemory at 0x15c4eea8020 of 132 bytes failed: Only part of a ReadProcessMemory or WriteProcessMemory request was completed. (0x12B)
[0522/123522.032:ERROR:process_memory_win.cc(73)] ReadMemory at 0x15c4eea8150 of 146 bytes failed: Only part of a ReadProcessMemory or WriteProcessMemory request was completed. (0x12B)
[0522/123522.032:ERROR:process_memory_win.cc(73)] ReadMemory at 0x15c4eeaa6d0 of 132 bytes failed: Only part of a ReadProcessMemory or WriteProcessMemory request was completed. (0x12B)
[0522/123522.032:ERROR:process_memory_win.cc(73)] ReadMemory at 0x15c4eeaa800 of 132 bytes failed: Only part of a ReadProcessMemory or WriteProcessMemory request was completed. (0x12B)
[0522/123522.032:ERROR:process_memory_win.cc(73)] ReadMemory at 0x15c4eeaa990 of 80 bytes failed: Only part of a ReadProcessMemory or WriteProcessMemory request was completed. (0x12B)
[0522/123522.032:ERROR:process_memory_win.cc(73)] ReadMemory at 0x15c4eeaab80 of 64 bytes failed: Only part of a ReadProcessMemory or WriteProcessMemory request was completed. (0x12B)
[0522/123522.032:ERROR:process_memory_win.cc(73)] ReadMemory at 0x15c4eeaac70 of 60 bytes failed: Only part of a ReadProcessMemory or WriteProcessMemory request was completed. (0x12B)
[0522/123522.032:ERROR:process_memory_win.cc(73)] ReadMemory at 0x15c4eeaacc0 of 64 bytes failed: Only part of a ReadProcessMemory or WriteProcessMemory request was completed. (0x12B)
[0522/123522.032:ERROR:process_memory_win.cc(73)] ReadMemory at 0x15c4eeaae00 of 62 bytes failed: Only part of a ReadProcessMemory or WriteProcessMemory request was completed. (0x12B)
[0522/123522.032:ERROR:process_memory_win.cc(73)] ReadMemory at 0x15c4eeaaf90 of 60 bytes failed: Only part of a ReadProcessMemory or WriteProcessMemory request was completed. (0x12B)
[0522/123522.032:ERROR:process_memory_win.cc(73)] ReadMemory at 0x15c4eeaafe0 of 64 bytes failed: Only part of a ReadProcessMemory or WriteProcessMemory request was completed. (0x12B)
[0522/123522.032:ERROR:process_memory_win.cc(73)] ReadMemory at 0x15c4eeab080 of 66 bytes failed: Only part of a ReadProcessMemory or WriteProcessMemory request was completed. (0x12B)
[0522/123522.033:ERROR:process_memory_win.cc(73)] ReadMemory at 0x15c4eeab120 of 62 bytes failed: Only part of a ReadProcessMemory or WriteProcessMemory request was completed. (0x12B)
[0522/123522.033:ERROR:process_memory_win.cc(73)] ReadMemory at 0x15c4eeab210 of 64 bytes failed: Only part of a ReadProcessMemory or WriteProcessMemory request was completed. (0x12B)
[0522/123522.033:ERROR:process_memory_win.cc(73)] ReadMemory at 0x15c4eeab740 of 132 bytes failed: Only part of a ReadProcessMemory or WriteProcessMemory request was completed. (0x12B)
[0522/123522.033:ERROR:process_memory_win.cc(73)] ReadMemory at 0x15c4eeab870 of 132 bytes failed: Only part of a ReadProcessMemory or WriteProcessMemory request was completed. (0x12B)
[0522/123522.033:ERROR:process_memory_win.cc(73)] ReadMemory at 0x15c4eeab9a0 of 132 bytes failed: Only part of a ReadProcessMemory or WriteProcessMemory request was completed. (0x12B)
[0522/123522.033:ERROR:process_memory_win.cc(73)] ReadMemory at 0x15c4eeabad0 of 132 bytes failed: Only part of a ReadProcessMemory or WriteProcessMemory request was completed. (0x12B)
[0522/123522.033:ERROR:process_memory_win.cc(73)] ReadMemory at 0x15c4eeabd30 of 132 bytes failed: Only part of a ReadProcessMemory or WriteProcessMemory request was completed. (0x12B)
[0522/123522.033:ERROR:process_memory_win.cc(73)] ReadMemory at 0x15c4eeabe60 of 132 bytes failed: Only part of a ReadProcessMemory or WriteProcessMemory request was completed. (0x12B)
[0522/123522.033:ERROR:process_memory_win.cc(73)] ReadMemory at 0x15c4eeabf90 of 132 bytes failed: Only part of a ReadProcessMemory or WriteProcessMemory request was completed. (0x12B)
[0522/123522.033:ERROR:process_memory_win.cc(73)] ReadMemory at 0x15c4eeac0c0 of 132 bytes failed: Only part of a ReadProcessMemory or WriteProcessMemory request was completed. (0x12B)
[0522/123522.033:ERROR:process_memory_win.cc(73)] ReadMemory at 0x15c4eeac1f0 of 132 bytes failed: Only part of a ReadProcessMemory or WriteProcessMemory request was completed. (0x12B)
[0522/123522.033:ERROR:process_memory_win.cc(73)] ReadMemory at 0x15c4eeac320 of 132 bytes failed: Only part of a ReadProcessMemory or WriteProcessMemory request was completed. (0x12B)
[0522/123522.033:ERROR:process_memory_win.cc(73)] ReadMemory at 0x15c4eeac450 of 132 bytes failed: Only part of a ReadProcessMemory or WriteProcessMemory request was completed. (0x12B)
[0522/123522.033:ERROR:process_memory_win.cc(73)] ReadMemory at 0x15c4eeac580 of 132 bytes failed: Only part of a ReadProcessMemory or WriteProcessMemory request was completed. (0x12B)
[0522/123522.033:ERROR:process_memory_win.cc(73)] ReadMemory at 0x15c4eead1c0 of 512 bytes failed: Only part of a ReadProcessMemory or WriteProcessMemory request was completed. (0x12B)
[0522/123522.033:ERROR:process_memory_win.cc(73)] ReadMemory at 0x15c4eeaff60 of 132 bytes failed: Only part of a ReadProcessMemory or WriteProcessMemory request was completed. (0x12B)
[0522/123522.033:ERROR:process_memory_win.cc(73)] ReadMemory at 0x15c4eeb19d0 of 132 bytes failed: Only part of a ReadProcessMemory or WriteProcessMemory request was completed. (0x12B)
[0522/123522.033:ERROR:process_memory_win.cc(73)] ReadMemory at 0x15c4eeb39b0 of 54 bytes failed: Only part of a ReadProcessMemory or WriteProcessMemory request was completed. (0x12B)
[0522/123522.033:ERROR:process_memory_win.cc(73)] ReadMemory at 0x15c4eeb4530 of 132 bytes failed: Only part of a ReadProcessMemory or WriteProcessMemory request was completed. (0x12B)
[0522/123522.033:ERROR:process_memory_win.cc(73)] ReadMemory at 0x15c4eeb4750 of 132 bytes failed: Only part of a ReadProcessMemory or WriteProcessMemory request was completed. (0x12B)
[0522/123522.034:ERROR:process_memory_win.cc(73)] ReadMemory at 0x15c4eeb4ab0 of 132 bytes failed: Only part of a ReadProcessMemory or WriteProcessMemory request was completed. (0x12B)
[0522/123522.034:ERROR:process_memory_win.cc(73)] ReadMemory at 0x15c4eeb4cc0 of 132 bytes failed: Only part of a ReadProcessMemory or WriteProcessMemory request was completed. (0x12B)
[0522/123522.034:ERROR:process_memory_win.cc(73)] ReadMemory at 0x15c4eeb5410 of 80 bytes failed: Only part of a ReadProcessMemory or WriteProcessMemory request was completed. (0x12B)
[0522/123522.034:ERROR:process_memory_win.cc(73)] ReadMemory at 0x15c4eeb5a10 of 76 bytes failed: Only part of a ReadProcessMemory or WriteProcessMemory request was completed. (0x12B)
[0522/123522.034:ERROR:process_memory_win.cc(73)] ReadMemory at 0x15c4eeb6140 of 62 bytes failed: Only part of a ReadProcessMemory or WriteProcessMemory request was completed. (0x12B)
[0522/123522.034:ERROR:process_memory_win.cc(73)] ReadMemory at 0x15c4eeb61e0 of 62 bytes failed: Only part of a ReadProcessMemory or WriteProcessMemory request was completed. (0x12B)
[0522/123522.034:ERROR:process_memory_win.cc(73)] ReadMemory at 0x15c4eeb6230 of 64 bytes failed: Only part of a ReadProcessMemory or WriteProcessMemory request was completed. (0x12B)
[0522/123522.034:ERROR:process_memory_win.cc(73)] ReadMemory at 0x15c4eeb6280 of 60 bytes failed: Only part of a ReadProcessMemory or WriteProcessMemory request was completed. (0x12B)
[0522/123522.034:ERROR:process_memory_win.cc(73)] ReadMemory at 0x15c4eeb6460 of 58 bytes failed: Only part of a ReadProcessMemory or WriteProcessMemory request was completed. (0x12B)
[0522/123522.034:ERROR:process_memory_win.cc(73)] ReadMemory at 0x15c4eeb64b0 of 60 bytes failed: Only part of a ReadProcessMemory or WriteProcessMemory request was completed. (0x12B)
[0522/123522.034:ERROR:process_memory_win.cc(73)] ReadMemory at 0x15c4eeb65f0 of 62 bytes failed: Only part of a ReadProcessMemory or WriteProcessMemory request was completed. (0x12B)
[0522/123522.034:ERROR:process_memory_win.cc(73)] ReadMemory at 0x15c4eeb6780 of 64 bytes failed: Only part of a ReadProcessMemory or WriteProcessMemory request was completed. (0x12B)
[0522/123522.034:ERROR:process_memory_win.cc(73)] ReadMemory at 0x15c4eeb6870 of 64 bytes failed: Only part of a ReadProcessMemory or WriteProcessMemory request was completed. (0x12B)
[0522/123522.034:ERROR:process_memory_win.cc(73)] ReadMemory at 0x15c4eeb69b0 of 62 bytes failed: Only part of a ReadProcessMemory or WriteProcessMemory request was completed. (0x12B)
[0522/123522.034:ERROR:process_memory_win.cc(73)] ReadMemory at 0x15c4eeb6a50 of 62 bytes failed: Only part of a ReadProcessMemory or WriteProcessMemory request was completed. (0x12B)
[0522/123522.034:ERROR:process_memory_win.cc(73)] ReadMemory at 0x15c4eeb6aa0 of 60 bytes failed: Only part of a ReadProcessMemory or WriteProcessMemory request was completed. (0x12B)
[0522/123522.034:ERROR:process_memory_win.cc(73)] ReadMemory at 0x15c4eeb6af0 of 64 bytes failed: Only part of a ReadProcessMemory or WriteProcessMemory request was completed. (0x12B)
[0522/123522.035:ERROR:process_memory_win.cc(73)] ReadMemory at 0x15c4eeb6b90 of 62 bytes failed: Only part of a ReadProcessMemory or WriteProcessMemory request was completed. (0x12B)
[0522/123522.035:ERROR:process_memory_win.cc(73)] ReadMemory at 0x15c4eeb6cd0 of 60 bytes failed: Only part of a ReadProcessMemory or WriteProcessMemory request was completed. (0x12B)
[0522/123522.035:ERROR:process_memory_win.cc(73)] ReadMemory at 0x15c4eeb6dc0 of 66 bytes failed: Only part of a ReadProcessMemory or WriteProcessMemory request was completed. (0x12B)
[0522/123522.035:ERROR:process_memory_win.cc(73)] ReadMemory at 0x15c4eeb6f00 of 62 bytes failed: Only part of a ReadProcessMemory or WriteProcessMemory request was completed. (0x12B)
[0522/123522.035:ERROR:process_memory_win.cc(73)] ReadMemory at 0x15c4eeb6f50 of 62 bytes failed: Only part of a ReadProcessMemory or WriteProcessMemory request was completed. (0x12B)
[0522/123522.035:ERROR:process_memory_win.cc(73)] ReadMemory at 0x15c4eeb7020 of 132 bytes failed: Only part of a ReadProcessMemory or WriteProcessMemory request was completed. (0x12B)
[0522/123522.035:ERROR:process_memory_win.cc(73)] ReadMemory at 0x15c4eeb7150 of 132 bytes failed: Only part of a ReadProcessMemory or WriteProcessMemory request was completed. (0x12B)
[0522/123522.035:ERROR:process_memory_win.cc(73)] ReadMemory at 0x15c4eeb73b0 of 132 bytes failed: Only part of a ReadProcessMemory or WriteProcessMemory request was completed. (0x12B)
[0522/123522.035:ERROR:process_memory_win.cc(73)] ReadMemory at 0x15c4eeb74e0 of 132 bytes failed: Only part of a ReadProcessMemory or WriteProcessMemory request was completed. (0x12B)
[0522/123522.035:ERROR:process_memory_win.cc(73)] ReadMemory at 0x15c4eeb7740 of 132 bytes failed: Only part of a ReadProcessMemory or WriteProcessMemory request was completed. (0x12B)
[0522/123522.036:ERROR:process_memory_win.cc(73)] ReadMemory at 0x15c4eeb79a0 of 132 bytes failed: Only part of a ReadProcessMemory or WriteProcessMemory request was completed. (0x12B)
[0522/123522.036:ERROR:process_memory_win.cc(73)] ReadMemory at 0x15c4eeb7ad0 of 132 bytes failed: Only part of a ReadProcessMemory or WriteProcessMemory request was completed. (0x12B)
[0522/123522.036:ERROR:process_memory_win.cc(73)] ReadMemory at 0x15c4eeb81f0 of 132 bytes failed: Only part of a ReadProcessMemory or WriteProcessMemory request was completed. (0x12B)
[0522/123522.036:ERROR:process_memory_win.cc(73)] ReadMemory at 0x15c4eeb8b70 of 132 bytes failed: Only part of a ReadProcessMemory or WriteProcessMemory request was completed. (0x12B)
[0522/123522.036:ERROR:process_memory_win.cc(73)] ReadMemory at 0x15c4eeb8ca0 of 132 bytes failed: Only part of a ReadProcessMemory or WriteProcessMemory request was completed. (0x12B)
[0522/123522.036:ERROR:process_memory_win.cc(73)] ReadMemory at 0x15c4eed01d0 of 512 bytes failed: Only part of a ReadProcessMemory or WriteProcessMemory request was completed. (0x12B)
[0522/123522.037:ERROR:process_memory_win.cc(73)] ReadMemory at 0x15c4f2164f0 of 608 bytes failed: Only part of a ReadProcessMemory or WriteProcessMemory request was completed. (0x12B)
[0522/123522.037:ERROR:process_memory_win.cc(73)] ReadMemory at 0x15c4f223130 of 512 bytes failed: Only part of a ReadProcessMemory or WriteProcessMemory request was completed. (0x12B)
[0522/123522.037:ERROR:process_memory_win.cc(73)] ReadMemory at 0x15c4f22a1a0 of 512 bytes failed: Only part of a ReadProcessMemory or WriteProcessMemory request was completed. (0x12B)
[0522/123522.037:ERROR:process_memory_win.cc(73)] ReadMemory at 0x15c4f2404f0 of 712 bytes failed: Only part of a ReadProcessMemory or WriteProcessMemory request was completed. (0x12B)
[0522/123522.037:ERROR:process_memory_win.cc(73)] ReadMemory at 0x15c4f251750 of 512 bytes failed: Only part of a ReadProcessMemory or WriteProcessMemory request was completed. (0x12B)
[0522/123522.037:ERROR:process_memory_win.cc(73)] ReadMemory at 0x15c4f265e00 of 512 bytes failed: Only part of a ReadProcessMemory or WriteProcessMemory request was completed. (0x12B)
[0522/123522.037:ERROR:process_memory_win.cc(73)] ReadMemory at 0x15c50c50000 of 384 bytes failed: Only part of a ReadProcessMemory or WriteProcessMemory request was completed. (0x12B)
[0522/123522.037:ERROR:process_memory_win.cc(73)] ReadMemory at 0x15c50c9e690 of 512 bytes failed: Only part of a ReadProcessMemory or WriteProcessMemory request was completed. (0x12B)
[0522/123522.037:ERROR:process_memory_win.cc(73)] ReadMemory at 0x15c50d76c08 of 512 bytes failed: Only part of a ReadProcessMemory or WriteProcessMemory request was completed. (0x12B)
[0522/123522.037:ERROR:process_memory_win.cc(73)] ReadMemory at 0x15c50e2ec30 of 512 bytes failed: Only part of a ReadProcessMemory or WriteProcessMemory request was completed. (0x12B)
[0522/123522.037:ERROR:process_memory_win.cc(73)] ReadMemory at 0x15c50e3fee8 of 512 bytes failed: Only part of a ReadProcessMemory or WriteProcessMemory request was completed. (0x12B)
[0522/123522.039:ERROR:process_memory_win.cc(73)] ReadMemory at 0x7ffdd6df971c of 512 bytes failed: Only part of a ReadProcessMemory or WriteProcessMemory request was completed. (0x12B)
[0522/123522.039:ERROR:process_memory_win.cc(73)] ReadMemory at 0x7ffdd74d47b0 of 553 bytes failed: Only part of a ReadProcessMemory or WriteProcessMemory request was completed. (0x12B)
[0522/123522.041:ERROR:scoped_process_suspend.cc(40)] NtResumeProcess: An attempt was made to access an exiting process. (0xc000010a)
